[debug] [2023-12-25T13:58:58.568Z] ----------------------------------------------------------------------
[debug] [2023-12-25T13:58:58.570Z] Command:       /usr/local/share/nvm/versions/node/v20.9.0/bin/node /workspaces/neoleads-app/node_modules/.bin/firebase emulators:start --only functions
[debug] [2023-12-25T13:58:58.571Z] CLI Version:   13.0.1
[debug] [2023-12-25T13:58:58.571Z] Platform:      linux
[debug] [2023-12-25T13:58:58.571Z] Node Version:  v20.9.0
[debug] [2023-12-25T13:58:58.571Z] Time:          Mon Dec 25 2023 13:58:58 GMT+0000 (Coordinated Universal Time)
[debug] [2023-12-25T13:58:58.571Z] Env Overrides: GITHUB_API_URL
[debug] [2023-12-25T13:58:58.571Z] ----------------------------------------------------------------------
[debug] 
[debug] [2023-12-25T13:58:58.673Z] > command requires scopes: ["email","openid","https://www.googleapis.com/auth/cloudplatformprojects.readonly","https://www.googleapis.com/auth/firebase","https://www.googleapis.com/auth/cloud-platform"]
[debug] [2023-12-25T13:58:58.673Z] > authorizing via signed-in user (sumit@neolen.com)
[info] i  emulators: Starting emulators: functions {"metadata":{"emulator":{"name":"hub"},"message":"Starting emulators: functions"}}
[debug] [2023-12-25T13:58:58.681Z] [logging] Logging Emulator only supports listening on one address (127.0.0.1). Not listening on ::1
[debug] [2023-12-25T13:58:58.682Z] assigned listening specs for emulators {"user":{"hub":[{"address":"127.0.0.1","family":"IPv4","port":4400},{"address":"::1","family":"IPv6","port":4400}],"ui":[{"address":"127.0.0.1","family":"IPv4","port":4000},{"address":"::1","family":"IPv6","port":4000}],"logging":[{"address":"127.0.0.1","family":"IPv4","port":4500}]},"metadata":{"message":"assigned listening specs for emulators"}}
[debug] [2023-12-25T13:58:58.692Z] [hub] writing locator at /tmp/hub-neoleads-application.json
[debug] [2023-12-25T13:58:58.727Z] [functions] Functions Emulator only supports listening on one address (127.0.0.1). Not listening on ::1
[debug] [2023-12-25T13:58:58.727Z] [eventarc] Eventarc Emulator only supports listening on one address (127.0.0.1). Not listening on ::1
[debug] [2023-12-25T13:58:58.727Z] late-assigned ports for functions and eventarc emulators {"user":{"hub":[{"address":"127.0.0.1","family":"IPv4","port":4400},{"address":"::1","family":"IPv6","port":4400}],"ui":[{"address":"127.0.0.1","family":"IPv4","port":4000},{"address":"::1","family":"IPv6","port":4000}],"logging":[{"address":"127.0.0.1","family":"IPv4","port":4500}],"functions":[{"address":"127.0.0.1","family":"IPv4","port":5001}],"eventarc":[{"address":"127.0.0.1","family":"IPv4","port":9299}]},"metadata":{"message":"late-assigned ports for functions and eventarc emulators"}}
[warn] ⚠  functions: The following emulators are not running, calls to these services from the Functions emulator will affect production: auth, firestore, database, hosting, pubsub, storage {"metadata":{"emulator":{"name":"functions"},"message":"The following emulators are not running, calls to these services from the Functions emulator will affect production: \u001b[1mauth, firestore, database, hosting, pubsub, storage\u001b[22m"}}
[debug] [2023-12-25T13:58:58.737Z] defaultcredentials: writing to file /home/codespace/.config/firebase/sumit_neolen_com_application_default_credentials.json
[debug] [2023-12-25T13:58:58.780Z] Setting GAC to /home/codespace/.config/firebase/sumit_neolen_com_application_default_credentials.json {"metadata":{"emulator":{"name":"functions"},"message":"Setting GAC to /home/codespace/.config/firebase/sumit_neolen_com_application_default_credentials.json"}}
[debug] [2023-12-25T13:58:58.790Z] > refreshing access token with scopes: []
[debug] [2023-12-25T13:58:58.792Z] >>> [apiv2][query] POST https://www.googleapis.com/oauth2/v3/token [none]
[debug] [2023-12-25T13:58:58.792Z] >>> [apiv2][body] POST https://www.googleapis.com/oauth2/v3/token [omitted]
[debug] [2023-12-25T13:58:58.971Z] <<< [apiv2][status] POST https://www.googleapis.com/oauth2/v3/token 200
[debug] [2023-12-25T13:58:58.971Z] <<< [apiv2][body] POST https://www.googleapis.com/oauth2/v3/token [omitted]
[debug] [2023-12-25T13:58:59.007Z] >>> [apiv2][query] GET https://firebase.googleapis.com/v1beta1/projects/neoleads-application/adminSdkConfig [none]
[debug] [2023-12-25T13:59:00.123Z] <<< [apiv2][status] GET https://firebase.googleapis.com/v1beta1/projects/neoleads-application/adminSdkConfig 200
[debug] [2023-12-25T13:59:00.128Z] <<< [apiv2][body] GET https://firebase.googleapis.com/v1beta1/projects/neoleads-application/adminSdkConfig {"projectId":"neoleads-application","databaseURL":"https://neoleads-application-default-rtdb.asia-southeast1.firebasedatabase.app","storageBucket":"neoleads-application.appspot.com","locationId":"asia-south1"}
[debug] [2023-12-25T13:59:00.157Z] Ignoring unsupported arg: auto_download {"metadata":{"emulator":{"name":"ui"},"message":"Ignoring unsupported arg: auto_download"}}
[debug] [2023-12-25T13:59:00.158Z] Ignoring unsupported arg: port {"metadata":{"emulator":{"name":"ui"},"message":"Ignoring unsupported arg: port"}}
[debug] [2023-12-25T13:59:00.158Z] Starting Emulator UI with command {"binary":"node","args":["/home/codespace/.cache/firebase/emulators/ui-v1.11.7/server/server.js"],"optionalArgs":[],"joinArgs":false} {"metadata":{"emulator":{"name":"ui"},"message":"Starting Emulator UI with command {\"binary\":\"node\",\"args\":[\"/home/codespace/.cache/firebase/emulators/ui-v1.11.7/server/server.js\"],\"optionalArgs\":[],\"joinArgs\":false}"}}
[info] i  ui: Emulator UI logging to ui-debug.log {"metadata":{"emulator":{"name":"ui"},"message":"Emulator UI logging to \u001b[1mui-debug.log\u001b[22m"}}
[debug] [2023-12-25T13:59:00.274Z] Web / API server started at 127.0.0.1:4000
 {"metadata":{"emulator":{"name":"ui"},"message":"Web / API server started at 127.0.0.1:4000\n"}}
[debug] [2023-12-25T13:59:00.274Z] Web / API server started at ::1:4000
 {"metadata":{"emulator":{"name":"ui"},"message":"Web / API server started at ::1:4000\n"}}
[info] i  functions: Watching "/workspaces/neoleads-app/functions" for Cloud Functions... {"metadata":{"emulator":{"name":"functions"},"message":"Watching \"/workspaces/neoleads-app/functions\" for Cloud Functions..."}}
[debug] [2023-12-25T13:59:00.422Z] Validating nodejs source
[debug] [2023-12-25T13:59:00.966Z] > [functions] package.json contents: {
  "name": "functions",
  "scripts": {
    "lint": "eslint --ext .js,.ts .",
    "build": "tsc",
    "build:watch": "tsc --watch",
    "serve": "npm run build && firebase emulators:start --only functions",
    "shell": "npm run build && firebase functions:shell",
    "start": "npm run shell",
    "deploy": "firebase deploy --only functions",
    "logs": "firebase functions:log"
  },
  "engines": {
    "node": "18"
  },
  "main": "lib/index.js",
  "dependencies": {
    "firebase-admin": "^11.8.0",
    "firebase-functions": "^4.3.1",
    "dns": "0.2.2"
  },
  "devDependencies": {
    "@typescript-eslint/eslint-plugin": "^5.12.0",
    "@typescript-eslint/parser": "^5.12.0",
    "eslint": "^8.9.0",
    "eslint-config-google": "^0.14.0",
    "eslint-plugin-import": "^2.25.4",
    "firebase-functions-test": "^3.1.0",
    "typescript": "^4.9.0"
  },
  "private": true
}
[debug] [2023-12-25T13:59:00.966Z] Building nodejs source
[debug] [2023-12-25T13:59:00.967Z] Failed to find version of module node: reached end of search path /workspaces/neoleads-app/functions/node_modules
[warn] ⚠  functions: Your requested "node" version "18" doesn't match your global version "20". Using node@20 from host. 
[debug] [2023-12-25T13:59:00.978Z] Could not find functions.yaml. Must use http discovery
[debug] [2023-12-25T13:59:00.981Z] Found firebase-functions binary at '/workspaces/neoleads-app/functions/node_modules/.bin/firebase-functions'
[debug] [2023-12-25T13:59:00.988Z] [work-queue] {"queuedWork":["/neoleads-application/us-central1/getDNSRecords-2023-12-25T13:59:00.988Z"],"queueLength":1,"runningWork":[],"workRunningCount":0}
[debug] [2023-12-25T13:59:00.988Z] [work-queue] {"queuedWork":[],"queueLength":0,"runningWork":["/neoleads-application/us-central1/getDNSRecords-2023-12-25T13:59:00.988Z"],"workRunningCount":1}
[debug] [2023-12-25T13:59:00.994Z] [work-queue] {"queuedWork":[],"queueLength":0,"runningWork":[],"workRunningCount":0}
[info] Serving at port 8628

[debug] [2023-12-25T13:59:01.338Z] Got response from /__/functions.yaml {"endpoints":{"getDNSRecords":{"availableMemoryMb":null,"timeoutSeconds":null,"minInstances":null,"maxInstances":null,"ingressSettings":null,"concurrency":null,"serviceAccountEmail":null,"vpc":null,"platform":"gcfv2","labels":{},"httpsTrigger":{},"entryPoint":"getDNSRecords"}},"specVersion":"v1alpha1","requiredAPIs":[]}
[info] ✔  functions: Loaded functions definitions from source: getDNSRecords. {"metadata":{"emulator":{"name":"functions"},"message":"Loaded functions definitions from source: getDNSRecords."}}
[info] ✔  functions[us-central1-getDNSRecords]: http function initialized (http://127.0.0.1:5001/neoleads-application/us-central1/getDNSRecords). {"metadata":{"emulator":{"name":"functions"},"message":"\u001b[1mhttp\u001b[22m function initialized (http://127.0.0.1:5001/neoleads-application/us-central1/getDNSRecords)."}}
[info] 
┌─────────────────────────────────────────────────────────────┐
│ ✔  All emulators ready! It is now safe to connect your app. │
│ i  View Emulator UI at http://127.0.0.1:4000/               │
└─────────────────────────────────────────────────────────────┘

┌───────────┬────────────────┬─────────────────────────────────┐
│ Emulator  │ Host:Port      │ View in Emulator UI             │
├───────────┼────────────────┼─────────────────────────────────┤
│ Functions │ 127.0.0.1:5001 │ http://127.0.0.1:4000/functions │
└───────────┴────────────────┴─────────────────────────────────┘
  Emulator Hub running at 127.0.0.1:4400
  Other reserved ports: 4500

Issues? Report them at https://github.com/firebase/firebase-tools/issues and attach the *-debug.log files.
 
[debug] [2023-12-25T13:59:43.048Z] File /workspaces/neoleads-app/functions/src/index.ts changed, reloading triggers {"metadata":{"emulator":{"name":"functions"},"message":"File /workspaces/neoleads-app/functions/src/index.ts changed, reloading triggers"}}
[debug] [2023-12-25T13:59:44.050Z] Validating nodejs source
[debug] [2023-12-25T13:59:44.644Z] > [functions] package.json contents: {
  "name": "functions",
  "scripts": {
    "lint": "eslint --ext .js,.ts .",
    "build": "tsc",
    "build:watch": "tsc --watch",
    "serve": "npm run build && firebase emulators:start --only functions",
    "shell": "npm run build && firebase functions:shell",
    "start": "npm run shell",
    "deploy": "firebase deploy --only functions",
    "logs": "firebase functions:log"
  },
  "engines": {
    "node": "18"
  },
  "main": "lib/index.js",
  "dependencies": {
    "firebase-admin": "^11.8.0",
    "firebase-functions": "^4.3.1",
    "dns": "0.2.2"
  },
  "devDependencies": {
    "@typescript-eslint/eslint-plugin": "^5.12.0",
    "@typescript-eslint/parser": "^5.12.0",
    "eslint": "^8.9.0",
    "eslint-config-google": "^0.14.0",
    "eslint-plugin-import": "^2.25.4",
    "firebase-functions-test": "^3.1.0",
    "typescript": "^4.9.0"
  },
  "private": true
}
[debug] [2023-12-25T13:59:44.644Z] Building nodejs source
[debug] [2023-12-25T13:59:44.645Z] Failed to find version of module node: reached end of search path /workspaces/neoleads-app/functions/node_modules
[warn] ⚠  functions: Your requested "node" version "18" doesn't match your global version "20". Using node@20 from host. 
[debug] [2023-12-25T13:59:44.647Z] Could not find functions.yaml. Must use http discovery
[debug] [2023-12-25T13:59:44.648Z] Found firebase-functions binary at '/workspaces/neoleads-app/functions/node_modules/.bin/firebase-functions'
[info] Serving at port 8439

[debug] [2023-12-25T13:59:44.966Z] Got response from /__/functions.yaml {"endpoints":{"getDNSRecords":{"availableMemoryMb":null,"timeoutSeconds":null,"minInstances":null,"maxInstances":null,"ingressSettings":null,"concurrency":null,"serviceAccountEmail":null,"vpc":null,"platform":"gcfv2","labels":{},"httpsTrigger":{},"entryPoint":"getDNSRecords"}},"specVersion":"v1alpha1","requiredAPIs":[]}
[info] ✔  functions: Loaded functions definitions from source: getDNSRecords. {"metadata":{"emulator":{"name":"functions"},"message":"Loaded functions definitions from source: getDNSRecords."}}
[debug] [2023-12-25T13:59:49.175Z] [work-queue] {"queuedWork":["/neoleads-application/us-central1/verifyDNSRecords-2023-12-25T13:59:49.175Z"],"queueLength":1,"runningWork":[],"workRunningCount":0}
[debug] [2023-12-25T13:59:49.175Z] [work-queue] {"queuedWork":[],"queueLength":0,"runningWork":["/neoleads-application/us-central1/verifyDNSRecords-2023-12-25T13:59:49.175Z"],"workRunningCount":1}
[debug] [2023-12-25T13:59:49.176Z] [work-queue] {"queuedWork":[],"queueLength":0,"runningWork":[],"workRunningCount":0}
[debug] [2023-12-25T14:00:06.469Z] File /workspaces/neoleads-app/functions/src/index.ts changed, reloading triggers {"metadata":{"emulator":{"name":"functions"},"message":"File /workspaces/neoleads-app/functions/src/index.ts changed, reloading triggers"}}
[debug] [2023-12-25T14:00:07.469Z] Validating nodejs source
[debug] [2023-12-25T14:00:08.038Z] > [functions] package.json contents: {
  "name": "functions",
  "scripts": {
    "lint": "eslint --ext .js,.ts .",
    "build": "tsc",
    "build:watch": "tsc --watch",
    "serve": "npm run build && firebase emulators:start --only functions",
    "shell": "npm run build && firebase functions:shell",
    "start": "npm run shell",
    "deploy": "firebase deploy --only functions",
    "logs": "firebase functions:log"
  },
  "engines": {
    "node": "18"
  },
  "main": "lib/index.js",
  "dependencies": {
    "firebase-admin": "^11.8.0",
    "firebase-functions": "^4.3.1",
    "dns": "0.2.2"
  },
  "devDependencies": {
    "@typescript-eslint/eslint-plugin": "^5.12.0",
    "@typescript-eslint/parser": "^5.12.0",
    "eslint": "^8.9.0",
    "eslint-config-google": "^0.14.0",
    "eslint-plugin-import": "^2.25.4",
    "firebase-functions-test": "^3.1.0",
    "typescript": "^4.9.0"
  },
  "private": true
}
[debug] [2023-12-25T14:00:08.038Z] Building nodejs source
[debug] [2023-12-25T14:00:08.038Z] Failed to find version of module node: reached end of search path /workspaces/neoleads-app/functions/node_modules
[warn] ⚠  functions: Your requested "node" version "18" doesn't match your global version "20". Using node@20 from host. 
[debug] [2023-12-25T14:00:08.045Z] Could not find functions.yaml. Must use http discovery
[debug] [2023-12-25T14:00:08.048Z] Found firebase-functions binary at '/workspaces/neoleads-app/functions/node_modules/.bin/firebase-functions'
[info] Serving at port 8458

[debug] [2023-12-25T14:00:08.342Z] Got response from /__/functions.yaml {"endpoints":{"getDNSRecords":{"availableMemoryMb":null,"timeoutSeconds":null,"minInstances":null,"maxInstances":null,"ingressSettings":null,"concurrency":null,"serviceAccountEmail":null,"vpc":null,"platform":"gcfv2","labels":{},"httpsTrigger":{},"entryPoint":"getDNSRecords"}},"specVersion":"v1alpha1","requiredAPIs":[]}
[info] ✔  functions: Loaded functions definitions from source: getDNSRecords. {"metadata":{"emulator":{"name":"functions"},"message":"Loaded functions definitions from source: getDNSRecords."}}
[debug] [2023-12-25T14:00:09.066Z] [work-queue] {"queuedWork":["/neoleads-application/us-central1/getDNSRecords-2023-12-25T14:00:09.066Z"],"queueLength":1,"runningWork":[],"workRunningCount":0}
[debug] [2023-12-25T14:00:09.067Z] [work-queue] {"queuedWork":[],"queueLength":0,"runningWork":["/neoleads-application/us-central1/getDNSRecords-2023-12-25T14:00:09.066Z"],"workRunningCount":1}
[debug] [2023-12-25T14:00:09.067Z] Accepted request GET /neoleads-application/us-central1/getDNSRecords?domain=neolen.com --> us-central1-getDNSRecords
[debug] [2023-12-25T14:00:09.083Z] [functions] Runtime ready! Sending request! {"metadata":{"emulator":{"name":"functions"},"message":"[functions] Runtime ready! Sending request!"}}
[debug] [2023-12-25T14:00:09.083Z] [functions] Got req.url=/neoleads-application/us-central1/getDNSRecords?domain=neolen.com, mapping to path=/?domain=neolen.com {"metadata":{"emulator":{"name":"functions"},"message":"[functions] Got req.url=/neoleads-application/us-central1/getDNSRecords?domain=neolen.com, mapping to path=/?domain=neolen.com"}}
[debug] [2023-12-25T14:00:09.090Z] [worker-pool] addWorker(us-central1-getDNSRecords) {"metadata":{"emulator":{"name":"functions"},"message":"[worker-pool] addWorker(us-central1-getDNSRecords)"}}
[debug] [2023-12-25T14:00:09.091Z] [worker-pool] Adding worker with key us-central1-getDNSRecords, total=1 {"metadata":{"emulator":{"name":"functions"},"message":"[worker-pool] Adding worker with key us-central1-getDNSRecords, total=1"}}
[debug] [2023-12-25T14:00:09.689Z] [runtime-status] [39271] Resolved module firebase-admin {"declared":true,"installed":true,"version":"11.11.1","resolution":"/workspaces/neoleads-app/functions/node_modules/firebase-admin/lib/index.js"} {"metadata":{"emulator":{"name":"functions"},"function":{"name":"us-central1-getDNSRecords"},"extension":{},"message":"[runtime-status] [39271] Resolved module firebase-admin {\"declared\":true,\"installed\":true,\"version\":\"11.11.1\",\"resolution\":\"/workspaces/neoleads-app/functions/node_modules/firebase-admin/lib/index.js\"}"}}
[debug] [2023-12-25T14:00:09.689Z] [runtime-status] [39271] Resolved module firebase-functions {"declared":true,"installed":true,"version":"4.5.0","resolution":"/workspaces/neoleads-app/functions/node_modules/firebase-functions/lib/v1/index.js"} {"metadata":{"emulator":{"name":"functions"},"function":{"name":"us-central1-getDNSRecords"},"extension":{},"message":"[runtime-status] [39271] Resolved module firebase-functions {\"declared\":true,\"installed\":true,\"version\":\"4.5.0\",\"resolution\":\"/workspaces/neoleads-app/functions/node_modules/firebase-functions/lib/v1/index.js\"}"}}
[debug] [2023-12-25T14:00:09.690Z] [runtime-status] [39271] Outgoing network have been stubbed. [{"name":"http","status":"mocked"},{"name":"http","status":"mocked"},{"name":"https","status":"mocked"},{"name":"https","status":"mocked"},{"name":"net","status":"mocked"}] {"metadata":{"emulator":{"name":"functions"},"function":{"name":"us-central1-getDNSRecords"},"extension":{},"message":"[runtime-status] [39271] Outgoing network have been stubbed. [{\"name\":\"http\",\"status\":\"mocked\"},{\"name\":\"http\",\"status\":\"mocked\"},{\"name\":\"https\",\"status\":\"mocked\"},{\"name\":\"https\",\"status\":\"mocked\"},{\"name\":\"net\",\"status\":\"mocked\"}]"}}
[debug] [2023-12-25T14:00:09.691Z] [runtime-status] [39271] Resolved module firebase-functions {"declared":true,"installed":true,"version":"4.5.0","resolution":"/workspaces/neoleads-app/functions/node_modules/firebase-functions/lib/v1/index.js"} {"metadata":{"emulator":{"name":"functions"},"function":{"name":"us-central1-getDNSRecords"},"extension":{},"message":"[runtime-status] [39271] Resolved module firebase-functions {\"declared\":true,\"installed\":true,\"version\":\"4.5.0\",\"resolution\":\"/workspaces/neoleads-app/functions/node_modules/firebase-functions/lib/v1/index.js\"}"}}
[debug] [2023-12-25T14:00:09.822Z] [runtime-status] [39271] Checked functions.config() {"config":{}} {"metadata":{"emulator":{"name":"functions"},"function":{"name":"us-central1-getDNSRecords"},"extension":{},"message":"[runtime-status] [39271] Checked functions.config() {\"config\":{}}"}}
[debug] [2023-12-25T14:00:09.822Z] [runtime-status] [39271] firebase-functions has been stubbed. {"functionsResolution":{"declared":true,"installed":true,"version":"4.5.0","resolution":"/workspaces/neoleads-app/functions/node_modules/firebase-functions/lib/v1/index.js"}} {"metadata":{"emulator":{"name":"functions"},"function":{"name":"us-central1-getDNSRecords"},"extension":{},"message":"[runtime-status] [39271] firebase-functions has been stubbed. {\"functionsResolution\":{\"declared\":true,\"installed\":true,\"version\":\"4.5.0\",\"resolution\":\"/workspaces/neoleads-app/functions/node_modules/firebase-functions/lib/v1/index.js\"}}"}}
[debug] [2023-12-25T14:00:09.826Z] [runtime-status] [39271] Resolved module firebase-functions {"declared":true,"installed":true,"version":"4.5.0","resolution":"/workspaces/neoleads-app/functions/node_modules/firebase-functions/lib/v1/index.js"} {"metadata":{"emulator":{"name":"functions"},"function":{"name":"us-central1-getDNSRecords"},"extension":{},"message":"[runtime-status] [39271] Resolved module firebase-functions {\"declared\":true,\"installed\":true,\"version\":\"4.5.0\",\"resolution\":\"/workspaces/neoleads-app/functions/node_modules/firebase-functions/lib/v1/index.js\"}"}}
[debug] [2023-12-25T14:00:09.826Z] [runtime-status] [39271] Resolved module firebase-admin {"declared":true,"installed":true,"version":"11.11.1","resolution":"/workspaces/neoleads-app/functions/node_modules/firebase-admin/lib/index.js"} {"metadata":{"emulator":{"name":"functions"},"function":{"name":"us-central1-getDNSRecords"},"extension":{},"message":"[runtime-status] [39271] Resolved module firebase-admin {\"declared\":true,\"installed\":true,\"version\":\"11.11.1\",\"resolution\":\"/workspaces/neoleads-app/functions/node_modules/firebase-admin/lib/index.js\"}"}}
[debug] [2023-12-25T14:00:09.826Z] [runtime-status] [39271] Resolved module firebase-functions {"declared":true,"installed":true,"version":"4.5.0","resolution":"/workspaces/neoleads-app/functions/node_modules/firebase-functions/lib/v1/index.js"} {"metadata":{"emulator":{"name":"functions"},"function":{"name":"us-central1-getDNSRecords"},"extension":{},"message":"[runtime-status] [39271] Resolved module firebase-functions {\"declared\":true,\"installed\":true,\"version\":\"4.5.0\",\"resolution\":\"/workspaces/neoleads-app/functions/node_modules/firebase-functions/lib/v1/index.js\"}"}}
[debug] [2023-12-25T14:00:09.826Z] [runtime-status] [39271] firebase-admin has been stubbed. {"adminResolution":{"declared":true,"installed":true,"version":"11.11.1","resolution":"/workspaces/neoleads-app/functions/node_modules/firebase-admin/lib/index.js"}} {"metadata":{"emulator":{"name":"functions"},"function":{"name":"us-central1-getDNSRecords"},"extension":{},"message":"[runtime-status] [39271] firebase-admin has been stubbed. {\"adminResolution\":{\"declared\":true,\"installed\":true,\"version\":\"11.11.1\",\"resolution\":\"/workspaces/neoleads-app/functions/node_modules/firebase-admin/lib/index.js\"}}"}}
[debug] [2023-12-25T14:00:09.838Z] [runtime-status] [39271] Functions runtime initialized. {"cwd":"/workspaces/neoleads-app/functions","node_version":"20.9.0"} {"metadata":{"emulator":{"name":"functions"},"function":{"name":"us-central1-getDNSRecords"},"extension":{},"message":"[runtime-status] [39271] Functions runtime initialized. {\"cwd\":\"/workspaces/neoleads-app/functions\",\"node_version\":\"20.9.0\"}"}}
[debug] [2023-12-25T14:00:09.839Z] [runtime-status] [39271] Listening to port: /tmp/fire_emu_c74b47b7e00ff70d.sock {"metadata":{"emulator":{"name":"functions"},"function":{"name":"us-central1-getDNSRecords"},"extension":{},"message":"[runtime-status] [39271] Listening to port: /tmp/fire_emu_c74b47b7e00ff70d.sock"}}
[debug] [2023-12-25T14:00:09.903Z] [worker-us-central1-getDNSRecords-88cb8d9c-3da9-430b-8842-384e09233d29]: IDLE {"metadata":{"emulator":{"name":"functions"},"function":{"name":"us-central1-getDNSRecords"},"extension":{},"message":"[worker-us-central1-getDNSRecords-88cb8d9c-3da9-430b-8842-384e09233d29]: IDLE"}}
[debug] [2023-12-25T14:00:09.903Z] [worker-pool] submitRequest(triggerId=us-central1-getDNSRecords) {"metadata":{"emulator":{"name":"functions"},"message":"[worker-pool] submitRequest(triggerId=us-central1-getDNSRecords)"}}
[info] i  functions: Beginning execution of "us-central1-getDNSRecords" {"metadata":{"emulator":{"name":"functions"},"function":{"name":"us-central1-getDNSRecords"},"extension":{},"message":"Beginning execution of \"us-central1-getDNSRecords\""}}
[debug] [2023-12-25T14:00:09.905Z] [worker-us-central1-getDNSRecords-88cb8d9c-3da9-430b-8842-384e09233d29]: BUSY {"metadata":{"emulator":{"name":"functions"},"function":{"name":"us-central1-getDNSRecords"},"extension":{},"message":"[worker-us-central1-getDNSRecords-88cb8d9c-3da9-430b-8842-384e09233d29]: BUSY"}}
[debug] [2023-12-25T14:00:11.462Z] Finishing up request with event=pause {"metadata":{"emulator":{"name":"functions"},"function":{"name":"us-central1-getDNSRecords"},"extension":{},"message":"Finishing up request with event=pause"}}
[info] i  functions: Finished "us-central1-getDNSRecords" in 1557.6878550000001ms {"metadata":{"emulator":{"name":"functions"},"function":{"name":"us-central1-getDNSRecords"},"extension":{},"message":"Finished \"us-central1-getDNSRecords\" in 1557.6878550000001ms"}}
[debug] [2023-12-25T14:00:11.463Z] [worker-us-central1-getDNSRecords-88cb8d9c-3da9-430b-8842-384e09233d29]: IDLE {"metadata":{"emulator":{"name":"functions"},"function":{"name":"us-central1-getDNSRecords"},"extension":{},"message":"[worker-us-central1-getDNSRecords-88cb8d9c-3da9-430b-8842-384e09233d29]: IDLE"}}
[debug] [2023-12-25T14:00:11.463Z] Finishing up request with event=finish {"metadata":{"emulator":{"name":"functions"},"function":{"name":"us-central1-getDNSRecords"},"extension":{},"message":"Finishing up request with event=finish"}}
[debug] [2023-12-25T14:00:11.463Z] Finishing up request with event=close {"metadata":{"emulator":{"name":"functions"},"function":{"name":"us-central1-getDNSRecords"},"extension":{},"message":"Finishing up request with event=close"}}
[debug] [2023-12-25T14:00:11.463Z] [work-queue] {"queuedWork":[],"queueLength":0,"runningWork":[],"workRunningCount":0}
